Arguments: 
  C:\Program Files\nodejs\node.exe C:\Program Files (x86)\Yarn\bin\yarn.js add -D @types/bcriptjs

PATH: 
  C:\WINDOWS\system32;C:\WINDOWS;C:\WINDOWS\System32\Wbem;C:\WINDOWS\System32\WindowsPowerShell\v1.0\;C:\Program Files\nodejs\;C:\Program Files\Git\cmd;C:\ProgramData\chocolatey\bin;C:\Program Files (x86)\Yarn\bin\;C:\WINDOWS\System32\OpenSSH\;C:\Program Files (x86)\NVIDIA Corporation\PhysX\Common;C:\Program Files\Bandizip\7z;C:\Users\uni\AppData\Local\Microsoft\WindowsApps;;C:\Users\uni\AppData\Local\Programs\Microsoft VS Code\bin;C:\Users\uni\AppData\Roaming\npm;C:\Users\uni\AppData\Local\Yarn\bin

Yarn version: 
  1.22.5

Node version: 
  12.18.3

Platform: 
  win32 x64

Trace: 
  Error: https://registry.yarnpkg.com/@types%2fbcriptjs: Not found
      at Request.params.callback [as _callback] (C:\Program Files (x86)\Yarn\lib\cli.js:66097:18)
      at Request.self.callback (C:\Program Files (x86)\Yarn\lib\cli.js:140749:22)
      at Request.emit (events.js:315:20)
      at Request.<anonymous> (C:\Program Files (x86)\Yarn\lib\cli.js:141721:10)
      at Request.emit (events.js:315:20)
      at IncomingMessage.<anonymous> (C:\Program Files (x86)\Yarn\lib\cli.js:141643:12)
      at Object.onceWrapper (events.js:421:28)
      at IncomingMessage.emit (events.js:327:22)
      at endReadableNT (_stream_readable.js:1220:12)
      at processTicksAndRejections (internal/process/task_queues.js:84:21)

npm manifest: 
  {
    "name": "graphql",
    "version": "1.0.0",
    "description": "",
    "main": "index.js",
    "dependencies": {
      "apollo-server-express": "^2.17.0",
      "bcryptjs": "^2.4.3",
      "class-validator": "^0.12.2",
      "dotenv": "^8.2.0",
      "express": "^4.17.1",
      "graphql": "^15.3.0",
      "pg": "^8.3.3",
      "reflect-metadata": "^0.1.13",
      "ts-node": "^9.0.0",
      "type-graphql": "^1.0.0",
      "typeorm": "^0.2.25",
      "typescript": "^4.0.2"
    },
    "devDependencies": {
      "@types/express": "^4.17.8",
      "@types/graphql": "^14.5.0",
      "@types/node": "^14.6.4",
      "nodemon": "^2.0.4"
    },
    "scripts": {
      "start": "nodemon --exec ts-node src/server.ts",
      "tsc": "tsc"
    },
    "keywords": [],
    "author": "",
    "license": "ISC"
  }

yarn manifest: 
  No manifest

Lockfile: 
  No lockfile
